<?xml version="1.0" encoding="UTF-8"?>
<!-- Generated by org.testng.reporters.JUnitReportReporter -->
<testsuite skipped="0" hostname="lenovo-PC" name="com.expedia.BDDCucumber.loginTest" tests="1" failures="0" timestamp="29 May 2018 06:39:42 GMT" time="41.575" errors="0">
  <testcase name="login" time="41.575" classname="com.expedia.BDDCucumber.loginTest"/>
</testsuite> <!-- com.expedia.BDDCucumber.loginTest -->
